<?xml version="1.0" encoding="UTF-8"?>
<testsuite name="org.example.Service.StoreServiceImplementationTest" tests="13" skipped="0" failures="0" errors="0" timestamp="2023-07-26T09:00:09" hostname="apnxdesk006-Veriton-M200-H61" time="2.875">
  <properties/>
  <testcase name="deleteShouldCallAndReturnStatusCode()" classname="org.example.Service.StoreServiceImplementationTest" time="2.608"/>
  <testcase name="[1] Store{name='A', phoneNumber=8595449589, address='123-First Street Extension, CBE.', gstCode='1234567890ABCDE'}" classname="org.example.Service.StoreServiceImplementationTest" time="0.056"/>
  <testcase name="[2] Store{name='ABC Stores', phoneNumber=8599589, address='123-First Street Extension, CBE.', gstCode='1234567890ABCDE'}" classname="org.example.Service.StoreServiceImplementationTest" time="0.006"/>
  <testcase name="[3] Store{name='ABC Stores', phoneNumber=8595449589, address='123-First Street Extension, CBE.', gstCode='123890ABCDE'}" classname="org.example.Service.StoreServiceImplementationTest" time="0.008"/>
  <testcase name="createStoreNullValidation()" classname="org.example.Service.StoreServiceImplementationTest" time="0.004"/>
  <testcase name="[1] Store{name='A', phoneNumber=8595449589, address='123-First Street Extension, CBE.', gstCode='1234567890ABCDE'}" classname="org.example.Service.StoreServiceImplementationTest" time="0.004"/>
  <testcase name="[2] Store{name='ABC Stores', phoneNumber=8599589, address='123-First Street Extension, CBE.', gstCode='1234567890ABCDE'}" classname="org.example.Service.StoreServiceImplementationTest" time="0.004"/>
  <testcase name="[3] Store{name='ABC Stores', phoneNumber=8595449589, address='123-First Street Extension, CBE.', gstCode='123890ABCDE'}" classname="org.example.Service.StoreServiceImplementationTest" time="0.004"/>
  <testcase name="editShouldCallAndReturnStore()" classname="org.example.Service.StoreServiceImplementationTest" time="0.013"/>
  <testcase name="editProductNullValidation()" classname="org.example.Service.StoreServiceImplementationTest" time="0.01"/>
  <testcase name="createShouldCallAndReturnStore()" classname="org.example.Service.StoreServiceImplementationTest" time="0.004"/>
  <testcase name="deleteUserNullValidation()" classname="org.example.Service.StoreServiceImplementationTest" time="0.004"/>
  <testcase name="viewShouldCallAndReturn()" classname="org.example.Service.StoreServiceImplementationTest" time="0.011"/>
  <system-out><![CDATA[]]></system-out>
  <system-err><![CDATA[]]></system-err>
</testsuite>
