<?xml version="1.0" encoding="UTF-8"?>
<testsuite name="org.example.Service.SalesServiceImplementationTest" tests="17" skipped="0" failures="0" errors="0" timestamp="2023-07-12T13:06:27" hostname="apnxdesk006-Veriton-M200-H61" time="0.149">
  <properties/>
  <testcase name="createShouldThrowExceptionWhenDividabilityViolated()" classname="org.example.Service.SalesServiceImplementationTest" time="0.046"/>
  <testcase name="createSalesNullValidation()" classname="org.example.Service.SalesServiceImplementationTest" time="0.004"/>
  <testcase name="deleteShouldCallAndReturnStatusCode()" classname="org.example.Service.SalesServiceImplementationTest" time="0.007"/>
  <testcase name="listWithSearchTextAloneCallsAndReturnsList()" classname="org.example.Service.SalesServiceImplementationTest" time="0.004"/>
  <testcase name="[1] {Pagenumber=1, Searchtext=20, Attribute=id, Pagelength=10}" classname="org.example.Service.SalesServiceImplementationTest" time="0.005"/>
  <testcase name="[2] {Pagenumber=1, Searchtext=null, Attribute=id, Pagelength=10}" classname="org.example.Service.SalesServiceImplementationTest" time="0.005"/>
  <testcase name="[3] {Pagenumber=1, Searchtext=null, Attribute=date, Pagelength=10}" classname="org.example.Service.SalesServiceImplementationTest" time="0.005"/>
  <testcase name="[4] {Pagenumber=1, Searchtext=2023-05-12, Attribute=date, Pagelength=10}" classname="org.example.Service.SalesServiceImplementationTest" time="0.005"/>
  <testcase name="createShouldThrowExceptionWhenTemplateMismatch()" classname="org.example.Service.SalesServiceImplementationTest" time="0.004"/>
  <testcase name="[1] id, null" classname="org.example.Service.SalesServiceImplementationTest" time="0.004"/>
  <testcase name="[2] date, 2023-07-12" classname="org.example.Service.SalesServiceImplementationTest" time="0.005"/>
  <testcase name="createShouldThrowExceptionWhenStockIsOut()" classname="org.example.Service.SalesServiceImplementationTest" time="0.005"/>
  <testcase name="countShouldThrowExceptionWhenDateMismatch()" classname="org.example.Service.SalesServiceImplementationTest" time="0.005"/>
  <testcase name="listShouldThrowExceptionWhenDateMismatch()" classname="org.example.Service.SalesServiceImplementationTest" time="0.004"/>
  <testcase name="createShouldCallAndReturnSales()" classname="org.example.Service.SalesServiceImplementationTest" time="0.005"/>
  <testcase name="createShouldThrowExceptionWhenProductNotFound()" classname="org.example.Service.SalesServiceImplementationTest" time="0.009"/>
  <testcase name="deleteUserNullValidation()" classname="org.example.Service.SalesServiceImplementationTest" time="0.003"/>
  <system-out><![CDATA[]]></system-out>
  <system-err><![CDATA[]]></system-err>
</testsuite>
