<?xml version="1.0" encoding="UTF-8"?>
<testsuite name="org.example.Service.UnitServiceImplementationTest" tests="11" skipped="0" failures="0" errors="0" timestamp="2023-07-12T09:54:20" hostname="apnxdesk006-Veriton-M200-H61" time="0.125">
  <properties/>
  <testcase name="deleteShouldCallAndReturnStatusCode()" classname="org.example.Service.UnitServiceImplementationTest" time="0.057"/>
  <testcase name="[1] Unit{id=null, name='Kilogr32am', code='kg', description='Unit of Larger Masses', isDividable=true}" classname="org.example.Service.UnitServiceImplementationTest" time="0.004"/>
  <testcase name="[2] Unit{id=null, name='Kilogram', code='kgndalndsa', description='Unit of Larger Masses', isDividable=true}" classname="org.example.Service.UnitServiceImplementationTest" time="0.008"/>
  <testcase name="[1] Unit{id=null, name='Kilogr32am', code='kg', description='Unit of Larger Masses', isDividable=true}" classname="org.example.Service.UnitServiceImplementationTest" time="0.005"/>
  <testcase name="[2] Unit{id=null, name='Kilogram', code='kgndalndsa', description='Unit of Larger Masses', isDividable=true}" classname="org.example.Service.UnitServiceImplementationTest" time="0.004"/>
  <testcase name="listCallsAndReturnsList()" classname="org.example.Service.UnitServiceImplementationTest" time="0.005"/>
  <testcase name="editShouldCallAndReturnUnit()" classname="org.example.Service.UnitServiceImplementationTest" time="0.004"/>
  <testcase name="createUnitNullValidation()" classname="org.example.Service.UnitServiceImplementationTest" time="0.003"/>
  <testcase name="createShouldCallAndReturnUnit()" classname="org.example.Service.UnitServiceImplementationTest" time="0.005"/>
  <testcase name="editProductNullValidation()" classname="org.example.Service.UnitServiceImplementationTest" time="0.005"/>
  <testcase name="deleteUserNullValidation()" classname="org.example.Service.UnitServiceImplementationTest" time="0.003"/>
  <system-out><![CDATA[]]></system-out>
  <system-err><![CDATA[]]></system-err>
</testsuite>
