<?xml version="1.0" encoding="UTF-8"?>
<testsuite name="org.example.Service.LoginServiceImplementationTest" tests="3" skipped="0" failures="0" errors="0" timestamp="2023-07-27T05:38:09" hostname="apnxdesk006-Veriton-M200-H61" time="2.944">
  <properties/>
  <testcase name="loginShouldReturnUser()" classname="org.example.Service.LoginServiceImplementationTest" time="2.91"/>
  <testcase name="createUserShouldCallAndReturnUser()" classname="org.example.Service.LoginServiceImplementationTest" time="0.012"/>
  <testcase name="checkIfInitialSetupShouldCallAndReturnBoolean()" classname="org.example.Service.LoginServiceImplementationTest" time="0.014"/>
  <system-out><![CDATA[]]></system-out>
  <system-err><![CDATA[]]></system-err>
</testsuite>
