<?xml version="1.0" encoding="UTF-8"?>
<testsuite name="org.example.Service.PurchaseServiceImplementationTest" tests="16" skipped="0" failures="0" errors="0" timestamp="2023-07-17T07:30:51" hostname="apnxdesk006-Veriton-M200-H61" time="0.227">
  <properties/>
  <testcase name="createShouldThrowExceptionWhenDividabilityViolated()" classname="org.example.Service.PurchaseServiceImplementationTest" time="0.084"/>
  <testcase name="deleteShouldCallAndReturnStatusCode()" classname="org.example.Service.PurchaseServiceImplementationTest" time="0.012"/>
  <testcase name="listWithSearchTextAloneCallsAndReturnsList()" classname="org.example.Service.PurchaseServiceImplementationTest" time="0.005"/>
  <testcase name="[1] {Pagenumber=1, Searchtext=20, Attribute=id, Pagelength=10}" classname="org.example.Service.PurchaseServiceImplementationTest" time="0.006"/>
  <testcase name="[2] {Pagenumber=1, Searchtext=null, Attribute=id, Pagelength=10}" classname="org.example.Service.PurchaseServiceImplementationTest" time="0.007"/>
  <testcase name="[3] {Pagenumber=1, Searchtext=null, Attribute=date, Pagelength=10}" classname="org.example.Service.PurchaseServiceImplementationTest" time="0.006"/>
  <testcase name="[4] {Pagenumber=1, Searchtext=2023-05-12, Attribute=date, Pagelength=10}" classname="org.example.Service.PurchaseServiceImplementationTest" time="0.008"/>
  <testcase name="createShouldThrowExceptionWhenTemplateMismatch()" classname="org.example.Service.PurchaseServiceImplementationTest" time="0.006"/>
  <testcase name="[1] id, null" classname="org.example.Service.PurchaseServiceImplementationTest" time="0.011"/>
  <testcase name="[2] date, 2023-07-12" classname="org.example.Service.PurchaseServiceImplementationTest" time="0.005"/>
  <testcase name="createPurchaseNullValidation()" classname="org.example.Service.PurchaseServiceImplementationTest" time="0.004"/>
  <testcase name="countShouldThrowExceptionWhenDateMismatch()" classname="org.example.Service.PurchaseServiceImplementationTest" time="0.005"/>
  <testcase name="listShouldThrowExceptionWhenDateMismatch()" classname="org.example.Service.PurchaseServiceImplementationTest" time="0.005"/>
  <testcase name="createShouldThrowExceptionWhenProductNotFound()" classname="org.example.Service.PurchaseServiceImplementationTest" time="0.005"/>
  <testcase name="createShouldCallAndReturnPurchase()" classname="org.example.Service.PurchaseServiceImplementationTest" time="0.006"/>
  <testcase name="deleteUserNullValidation()" classname="org.example.Service.PurchaseServiceImplementationTest" time="0.006"/>
  <system-out><![CDATA[]]></system-out>
  <system-err><![CDATA[]]></system-err>
</testsuite>
