<?xml version="1.0" encoding="UTF-8"?>
<testsuite name="org.example.Service.UserServiceImplementationTest" tests="34" skipped="0" failures="0" errors="0" timestamp="2023-07-27T05:38:13" hostname="apnxdesk006-Veriton-M200-H61" time="0.191">
  <properties/>
  <testcase name="deleteShouldCallAndReturnStatusCode()" classname="org.example.Service.UserServiceImplementationTest" time="0.005"/>
  <testcase name="[1] User{id=null, userType='Some', userName='Thomas', passWord='Thomas2121', firstName='Thomas', lastName='Shelby', phoneNumber=8954709985}" classname="org.example.Service.UserServiceImplementationTest" time="0.004"/>
  <testcase name="[2] User{id=null, userType='Admin', userName='Thom12as', passWord='Thomas2121', firstName='Thomas', lastName='Shelby', phoneNumber=8954709985}" classname="org.example.Service.UserServiceImplementationTest" time="0.002"/>
  <testcase name="[3] User{id=null, userType='Admin', userName='Thomas', passWord='T@21', firstName='Thomas', lastName='Shelby', phoneNumber=8954709985}" classname="org.example.Service.UserServiceImplementationTest" time="0.003"/>
  <testcase name="[4] User{id=null, userType='Admin', userName='Thomas', passWord='Thomas2121', firstName='Thom243as', lastName='Shelby', phoneNumber=8954709985}" classname="org.example.Service.UserServiceImplementationTest" time="0.004"/>
  <testcase name="[5] User{id=null, userType='Admin', userName='Thomas', passWord='Thomas2121', firstName='Thomas', lastName='Sh31elby', phoneNumber=8954709985}" classname="org.example.Service.UserServiceImplementationTest" time="0.003"/>
  <testcase name="[6] User{id=null, userType='Admin', userName='Thomas', passWord='Thomas2121', firstName='Thomas', lastName='Shelby', phoneNumber=231}" classname="org.example.Service.UserServiceImplementationTest" time="0.003"/>
  <testcase name="listWithSearchTextAloneCallsAndReturnsList()" classname="org.example.Service.UserServiceImplementationTest" time="0.004"/>
  <testcase name="[1] {Pagenumber=1, Searchtext=Sales, Attribute=usertype, Pagelength=10}" classname="org.example.Service.UserServiceImplementationTest" time="0.005"/>
  <testcase name="[2] {Pagenumber=1, Searchtext=null, Attribute=id, Pagelength=10}" classname="org.example.Service.UserServiceImplementationTest" time="0.004"/>
  <testcase name="[1] User{id=null, userType='Some', userName='Thomas', passWord='Thomas2121', firstName='Thomas', lastName='Shelby', phoneNumber=8954709985}" classname="org.example.Service.UserServiceImplementationTest" time="0.003"/>
  <testcase name="[2] User{id=null, userType='Admin', userName='Thom12as', passWord='Thomas2121', firstName='Thomas', lastName='Shelby', phoneNumber=8954709985}" classname="org.example.Service.UserServiceImplementationTest" time="0.005"/>
  <testcase name="[3] User{id=null, userType='Admin', userName='Thomas', passWord='T@21', firstName='Thomas', lastName='Shelby', phoneNumber=8954709985}" classname="org.example.Service.UserServiceImplementationTest" time="0.003"/>
  <testcase name="[4] User{id=null, userType='Admin', userName='Thomas', passWord='Thomas2121', firstName='Thom243as', lastName='Shelby', phoneNumber=8954709985}" classname="org.example.Service.UserServiceImplementationTest" time="0.006"/>
  <testcase name="[5] User{id=null, userType='Admin', userName='Thomas', passWord='Thomas2121', firstName='Thomas', lastName='Sh31elby', phoneNumber=8954709985}" classname="org.example.Service.UserServiceImplementationTest" time="0.006"/>
  <testcase name="[6] User{id=null, userType='Admin', userName='Thomas', passWord='Thomas2121', firstName='Thomas', lastName='Shelby', phoneNumber=231}" classname="org.example.Service.UserServiceImplementationTest" time="0.004"/>
  <testcase name="editShouldCallAndReturnUser()" classname="org.example.Service.UserServiceImplementationTest" time="0.003"/>
  <testcase name="countShouldCallAndReturn()" classname="org.example.Service.UserServiceImplementationTest" time="0.003"/>
  <testcase name="createShouldCallAndReturnUser()" classname="org.example.Service.UserServiceImplementationTest" time="0.004"/>
  <testcase name="[1] null" classname="org.example.Service.UserServiceImplementationTest" time="0.004"/>
  <testcase name="[2] User{id=null, userType='null', userName='Thomas', passWord='Thomas2121', firstName='Thomas', lastName='Shelby', phoneNumber=8954709985}" classname="org.example.Service.UserServiceImplementationTest" time="0.003"/>
  <testcase name="[3] User{id=null, userType='Admin', userName='null', passWord='Thomas2121', firstName='Thomas', lastName='Shelby', phoneNumber=8954709985}" classname="org.example.Service.UserServiceImplementationTest" time="0.004"/>
  <testcase name="[4] User{id=null, userType='Admin', userName='Thomas', passWord='null', firstName='Thomas', lastName='Shelby', phoneNumber=8954709985}" classname="org.example.Service.UserServiceImplementationTest" time="0.003"/>
  <testcase name="[5] User{id=null, userType='Admin', userName='Thomas', passWord='Thomas2121', firstName='null', lastName='Shelby', phoneNumber=8954709985}" classname="org.example.Service.UserServiceImplementationTest" time="0.003"/>
  <testcase name="[6] User{id=null, userType='Admin', userName='Thomas', passWord='Thomas2121', firstName='Thomas', lastName='null', phoneNumber=8954709985}" classname="org.example.Service.UserServiceImplementationTest" time="0.003"/>
  <testcase name="[7] User{id=null, userType='Admin', userName='Thomas', passWord='Thomas2121', firstName='Thomas', lastName='Shelby', phoneNumber=null}" classname="org.example.Service.UserServiceImplementationTest" time="0.004"/>
  <testcase name="[1] null" classname="org.example.Service.UserServiceImplementationTest" time="0.005"/>
  <testcase name="[2] User{id=null, userType='null', userName='Thomas', passWord='Thomas2121', firstName='Thomas', lastName='Shelby', phoneNumber=8954709985}" classname="org.example.Service.UserServiceImplementationTest" time="0.003"/>
  <testcase name="[3] User{id=null, userType='Admin', userName='null', passWord='Thomas2121', firstName='Thomas', lastName='Shelby', phoneNumber=8954709985}" classname="org.example.Service.UserServiceImplementationTest" time="0.003"/>
  <testcase name="[4] User{id=null, userType='Admin', userName='Thomas', passWord='null', firstName='Thomas', lastName='Shelby', phoneNumber=8954709985}" classname="org.example.Service.UserServiceImplementationTest" time="0.008"/>
  <testcase name="[5] User{id=null, userType='Admin', userName='Thomas', passWord='Thomas2121', firstName='null', lastName='Shelby', phoneNumber=8954709985}" classname="org.example.Service.UserServiceImplementationTest" time="0.003"/>
  <testcase name="[6] User{id=null, userType='Admin', userName='Thomas', passWord='Thomas2121', firstName='Thomas', lastName='null', phoneNumber=8954709985}" classname="org.example.Service.UserServiceImplementationTest" time="0.004"/>
  <testcase name="[7] User{id=null, userType='Admin', userName='Thomas', passWord='Thomas2121', firstName='Thomas', lastName='Shelby', phoneNumber=null}" classname="org.example.Service.UserServiceImplementationTest" time="0.007"/>
  <testcase name="deleteUserNullValidation()" classname="org.example.Service.UserServiceImplementationTest" time="0.003"/>
  <system-out><![CDATA[]]></system-out>
  <system-err><![CDATA[]]></system-err>
</testsuite>
