<?xml version="1.0" encoding="UTF-8"?>
<testsuite name="org.example.Service.LoginServiceImplementationTest" tests="3" skipped="0" failures="0" errors="0" timestamp="2023-07-17T07:30:48" hostname="apnxdesk006-Veriton-M200-H61" time="2.629">
  <properties/>
  <testcase name="loginShouldReturnUser()" classname="org.example.Service.LoginServiceImplementationTest" time="2.596"/>
  <testcase name="createUserShouldCallAndReturnUser()" classname="org.example.Service.LoginServiceImplementationTest" time="0.011"/>
  <testcase name="checkIfInitialSetupShouldCallAndReturnBoolean()" classname="org.example.Service.LoginServiceImplementationTest" time="0.013"/>
  <system-out><![CDATA[]]></system-out>
  <system-err><![CDATA[]]></system-err>
</testsuite>
